#! /usr/bin/vvp
:ivl_version "10.3 (stable)";
:ivl_delay_selection "TYPICAL";
:vpi_time_precision - 12;
:vpi_module "system";
:vpi_module "vhdl_sys";
:vpi_module "v2005_math";
:vpi_module "va_math";
S_0x55df548b80d0 .scope module, "test" "test" 2 1;
 .timescale 0 0;
v0x55df54900e10_0 .var "a", 0 0;
v0x55df54900f00_0 .var "b", 0 0;
v0x55df54900fd0_0 .net "carry", 0 0, v0x55df54900ad0_0;  1 drivers
v0x55df549010d0_0 .net "done", 0 0, v0x55df54900ba0_0;  1 drivers
v0x55df549011a0_0 .net "s", 0 0, v0x55df54900c60_0;  1 drivers
E_0x55df548cc250 .event posedge, v0x55df54900ba0_0;
S_0x55df548b8270 .scope module, "uut" "halfAdder" 2 6, 3 2 0, S_0x55df548b80d0;
 .timescale -9 -12;
    .port_info 0 /INPUT 1 "a"
    .port_info 1 /INPUT 1 "b"
    .port_info 2 /OUTPUT 1 "s"
    .port_info 3 /OUTPUT 1 "carry"
    .port_info 4 /OUTPUT 1 "done"
v0x55df548ef360_0 .net "a", 0 0, v0x55df54900e10_0;  1 drivers
v0x55df54900a10_0 .net "b", 0 0, v0x55df54900f00_0;  1 drivers
v0x55df54900ad0_0 .var "carry", 0 0;
v0x55df54900ba0_0 .var "done", 0 0;
v0x55df54900c60_0 .var "s", 0 0;
E_0x55df548efd30 .event edge, v0x55df548ef360_0, v0x55df54900a10_0;
    .scope S_0x55df548b8270;
T_0 ;
    %wait E_0x55df548efd30;
    %pushi/vec4 0, 0, 1;
    %store/vec4 v0x55df54900ba0_0, 0, 1;
    %load/vec4 v0x55df548ef360_0;
    %load/vec4 v0x55df54900a10_0;
    %and;
    %store/vec4 v0x55df54900ad0_0, 0, 1;
    %load/vec4 v0x55df548ef360_0;
    %load/vec4 v0x55df54900a10_0;
    %xor;
    %store/vec4 v0x55df54900c60_0, 0, 1;
    %pushi/vec4 1, 0, 1;
    %store/vec4 v0x55df54900ba0_0, 0, 1;
    %jmp T_0;
    .thread T_0, $push;
    .scope S_0x55df548b80d0;
T_1 ;
    %vpi_call 2 9 "$dumpfile", "halfAdder.vcd" {0 0 0};
    %vpi_call 2 10 "$dumpvars", 32'sb00000000000000000000000000000000, S_0x55df548b80d0 {0 0 0};
    %pushi/vec4 0, 0, 1;
    %store/vec4 v0x55df54900e10_0, 0, 1;
    %pushi/vec4 0, 0, 1;
    %store/vec4 v0x55df54900f00_0, 0, 1;
    %delay 623009792, 16298;
    %vpi_call 2 15 "$finish" {0 0 0};
    %end;
    .thread T_1;
    .scope S_0x55df548b80d0;
T_2 ;
    %delay 1316134912, 2328;
    %load/vec4 v0x55df54900e10_0;
    %inv;
    %store/vec4 v0x55df54900e10_0, 0, 1;
    %jmp T_2;
    .thread T_2;
    .scope S_0x55df548b80d0;
T_3 ;
    %delay 2632269824, 4656;
    %load/vec4 v0x55df54900f00_0;
    %inv;
    %store/vec4 v0x55df54900f00_0, 0, 1;
    %jmp T_3;
    .thread T_3;
    .scope S_0x55df548b80d0;
T_4 ;
    %wait E_0x55df548cc250;
    %vpi_call 2 22 "$display", "time =%0t , a = %b , b = %b , s = %b , carry = %b", $time, v0x55df54900e10_0, v0x55df54900f00_0, v0x55df549011a0_0, v0x55df54900fd0_0 {0 0 0};
    %jmp T_4;
    .thread T_4;
# The file index is used to find the file name in the following table.
:file_names 4;
    "N/A";
    "<interactive>";
    "halfAdderTest.v";
    "halfAdder.v";
